<?xml version="1.0" encoding="UTF-8"?>
<testng-results skipped="0" failed="0" total="1" passed="1">
  <reporter-output>
    <line>
      <![CDATA[Hi]]>
    </line>
  </reporter-output>
  <suite name="Suite" duration-ms="63" started-at="2017-07-16T09:57:31Z" finished-at="2017-07-16T09:57:31Z">
    <groups>
    </groups>
    <test name="Test" duration-ms="63" started-at="2017-07-16T09:57:31Z" finished-at="2017-07-16T09:57:31Z">
      <class name="com.actitime.tests.MavenDemo">
        <test-method status="PASS" signature="testA()[pri:0, instance:com.actitime.tests.MavenDemo@380fb434]" name="testA" duration-ms="32" started-at="2017-07-16T15:27:31Z" finished-at="2017-07-16T15:27:31Z">
          <reporter-output>
            <line>
              <![CDATA[Hi]]>
            </line>
          </reporter-output>
        </test-method> <!-- testA -->
      </class> <!-- com.actitime.tests.MavenDemo -->
    </test> <!-- Test -->
  </suite> <!-- Suite -->
</testng-results>
